# JRE version: Java(TM) SE Runtime Environment (8.0_181-b13) (build 1.8.0_181-b13)
# Java VM: Java HotSpot(TM) 64-Bit Server VM (25.181-b13 mixed mode linux-amd64 compressed oops)
Heap:
 PSYoungGen      total 293376K, used 0K [0x00000000eab00000, 0x0000000100000000, 0x0000000100000000)
  eden space 270336K, 0% used [0x00000000eab00000,0x00000000eab00000,0x00000000fb300000)
  from space 23040K, 0% used [0x00000000fe980000,0x00000000fe980000,0x0000000100000000)
  to   space 39424K, 0% used [0x00000000fb300000,0x00000000fb300000,0x00000000fd980000)
 ParOldGen       total 138752K, used 108995K [0x00000000c0000000, 0x00000000c8780000, 0x00000000eab00000)
  object space 138752K, 78% used [0x00000000c0000000,0x00000000c6a70ca8,0x00000000c8780000)
 Metaspace       used 117448K, capacity 118436K, committed 118784K, reserved 1150976K
  class space    used 16043K, capacity 16306K, committed 16384K, reserved 1048576K
GC Heap History (10 events):
Event: 25.532 GC heap after
Heap after GC invocations=20 (full 3):
 PSYoungGen      total 309248K, used 18217K [0x00000000eab00000, 0x0000000100000000, 0x0000000100000000)
  eden space 288768K, 0% used [0x00000000eab00000,0x00000000eab00000,0x00000000fc500000)
  from space 20480K, 88% used [0x00000000fc500000,0x00000000fd6ca528,0x00000000fd900000)
  to   space 23040K, 0% used [0x00000000fe980000,0x00000000fe980000,0x0000000100000000)
 ParOldGen       total 88576K, used 41375K [0x00000000c0000000, 0x00000000c5680000, 0x00000000eab00000)
  object space 88576K, 46% used [0x00000000c0000000,0x00000000c2867da0,0x00000000c5680000)
 Metaspace       used 93444K, capacity 93942K, committed 94592K, reserved 1130496K
  class space    used 12728K, capacity 12892K, committed 12928K, reserved 1048576K
}
Event: 26.477 GC heap before
{Heap before GC invocations=21 (full 3):
 PSYoungGen      total 309248K, used 114279K [0x00000000eab00000, 0x0000000100000000, 0x0000000100000000)
  eden space 288768K, 33% used [0x00000000eab00000,0x00000000f08cf920,0x00000000fc500000)
  from space 20480K, 88% used [0x00000000fc500000,0x00000000fd6ca528,0x00000000fd900000)
  to   space 23040K, 0% used [0x00000000fe980000,0x00000000fe980000,0x0000000100000000)
 ParOldGen       total 88576K, used 41375K [0x00000000c0000000, 0x00000000c5680000, 0x00000000eab00000)
  object space 88576K, 46% used [0x00000000c0000000,0x00000000c2867da0,0x00000000c5680000)
 Metaspace       used 97325K, capacity 97774K, committed 98304K, reserved 1134592K
  class space    used 13365K, capacity 13504K, committed 13568K, reserved 1048576K
Event: 26.494 GC heap after
Heap after GC invocations=21 (full 3):
 PSYoungGen      total 327168K, used 5709K [0x00000000eab00000, 0x0000000100000000, 0x0000000100000000)
  eden space 304128K, 0% used [0x00000000eab00000,0x00000000eab00000,0x00000000fd400000)
  from space 23040K, 24% used [0x00000000fe980000,0x00000000fef13728,0x0000000100000000)
  to   space 22016K, 0% used [0x00000000fd400000,0x00000000fd400000,0x00000000fe980000)
 ParOldGen       total 88576K, used 47310K [0x00000000c0000000, 0x00000000c5680000, 0x00000000eab00000)
  object space 88576K, 53% used [0x00000000c0000000,0x00000000c2e33ae8,0x00000000c5680000)
 Metaspace       used 97325K, capacity 97774K, committed 98304K, reserved 1134592K
  class space    used 13365K, capacity 13504K, committed 13568K, reserved 1048576K
}
Event: 26.494 GC heap before
{Heap before GC invocations=22 (full 4):
 PSYoungGen      total 327168K, used 5709K [0x00000000eab00000, 0x0000000100000000, 0x0000000100000000)
  eden space 304128K, 0% used [0x00000000eab00000,0x00000000eab00000,0x00000000fd400000)
  from space 23040K, 24% used [0x00000000fe980000,0x00000000fef13728,0x0000000100000000)
  to   space 22016K, 0% used [0x00000000fd400000,0x00000000fd400000,0x00000000fe980000)
 ParOldGen       total 88576K, used 47310K [0x00000000c0000000, 0x00000000c5680000, 0x00000000eab00000)
  object space 88576K, 53% used [0x00000000c0000000,0x00000000c2e33ae8,0x00000000c5680000)
 Metaspace       used 97325K, capacity 97774K, committed 98304K, reserved 1134592K
  class space    used 13365K, capacity 13504K, committed 13568K, reserved 1048576K
Event: 26.633 GC heap after
Heap after GC invocations=22 (full 4):
 PSYoungGen      total 327168K, used 0K [0x00000000eab00000, 0x0000000100000000, 0x0000000100000000)
  eden space 304128K, 0% used [0x00000000eab00000,0x00000000eab00000,0x00000000fd400000)
  from space 23040K, 0% used [0x00000000fe980000,0x00000000fe980000,0x0000000100000000)
  to   space 22016K, 0% used [0x00000000fd400000,0x00000000fd400000,0x00000000fe980000)
 ParOldGen       total 138752K, used 48719K [0x00000000c0000000, 0x00000000c8780000, 0x00000000eab00000)
  object space 138752K, 35% used [0x00000000c0000000,0x00000000c2f93fc8,0x00000000c8780000)
 Metaspace       used 97325K, capacity 97774K, committed 98304K, reserved 1134592K
  class space    used 13365K, capacity 13504K, committed 13568K, reserved 1048576K
}
Event: 42.339 GC heap before
{Heap before GC invocations=23 (full 4):
 PSYoungGen      total 327168K, used 304128K [0x00000000eab00000, 0x0000000100000000, 0x0000000100000000)
  eden space 304128K, 100% used [0x00000000eab00000,0x00000000fd400000,0x00000000fd400000)
  from space 23040K, 0% used [0x00000000fe980000,0x00000000fe980000,0x0000000100000000)
  to   space 22016K, 0% used [0x00000000fd400000,0x00000000fd400000,0x00000000fe980000)
 ParOldGen       total 138752K, used 48719K [0x00000000c0000000, 0x00000000c8780000, 0x00000000eab00000)
  object space 138752K, 35% used [0x00000000c0000000,0x00000000c2f93fc8,0x00000000c8780000)
 Metaspace       used 108904K, capacity 109660K, committed 109952K, reserved 1144832K
  class space    used 15007K, capacity 15224K, committed 15232K, reserved 1048576K
Event: 42.393 GC heap after
Heap after GC invocations=23 (full 4):
 PSYoungGen      total 326144K, used 22012K [0x00000000eab00000, 0x0000000100000000, 0x0000000100000000)
  eden space 304128K, 0% used [0x00000000eab00000,0x00000000eab00000,0x00000000fd400000)
  from space 22016K, 99% used [0x00000000fd400000,0x00000000fe97f058,0x00000000fe980000)
  to   space 23040K, 0% used [0x00000000fe980000,0x00000000fe980000,0x0000000100000000)
 ParOldGen       total 138752K, used 90893K [0x00000000c0000000, 0x00000000c8780000, 0x00000000eab00000)
  object space 138752K, 65% used [0x00000000c0000000,0x00000000c58c3408,0x00000000c8780000)
 Metaspace       used 108904K, capacity 109660K, committed 109952K, reserved 1144832K
  class space    used 15007K, capacity 15224K, committed 15232K, reserved 1048576K
}
Event: 47.368 GC heap before
{Heap before GC invocations=24 (full 4):
 PSYoungGen      total 326144K, used 326140K [0x00000000eab00000, 0x0000000100000000, 0x0000000100000000)
  eden space 304128K, 100% used [0x00000000eab00000,0x00000000fd400000,0x00000000fd400000)
  from space 22016K, 99% used [0x00000000fd400000,0x00000000fe97f058,0x00000000fe980000)
  to   space 23040K, 0% used [0x00000000fe980000,0x00000000fe980000,0x0000000100000000)
 ParOldGen       total 138752K, used 90893K [0x00000000c0000000, 0x00000000c8780000, 0x00000000eab00000)
  object space 138752K, 65% used [0x00000000c0000000,0x00000000c58c3408,0x00000000c8780000)
 Metaspace       used 117478K, capacity 118484K, committed 118784K, reserved 1150976K
  class space    used 16047K, capacity 16314K, committed 16384K, reserved 1048576K
Event: 47.432 GC heap after
Heap after GC invocations=24 (full 4):
 PSYoungGen      total 293376K, used 10773K [0x00000000eab00000, 0x0000000100000000, 0x0000000100000000)
  eden space 270336K, 0% used [0x00000000eab00000,0x00000000eab00000,0x00000000fb300000)
  from space 23040K, 46% used [0x00000000fe980000,0x00000000ff4054a8,0x0000000100000000)
  to   space 39424K, 0% used [0x00000000fb300000,0x00000000fb300000,0x00000000fd980000)
 ParOldGen       total 138752K, used 112484K [0x00000000c0000000, 0x00000000c8780000, 0x00000000eab00000)
  object space 138752K, 81% used [0x00000000c0000000,0x00000000c6dd9248,0x00000000c8780000)
 Metaspace       used 117478K, capacity 118484K, committed 118784K, reserved 1150976K
  class space    used 16047K, capacity 16314K, committed 16384K, reserved 1048576K
}
Event: 47.436 GC heap before
{Heap before GC invocations=25 (full 5):
 PSYoungGen      total 293376K, used 10773K [0x00000000eab00000, 0x0000000100000000, 0x0000000100000000)
  eden space 270336K, 0% used [0x00000000eab00000,0x00000000eab00000,0x00000000fb300000)
  from space 23040K, 46% used [0x00000000fe980000,0x00000000ff4054a8,0x0000000100000000)
  to   space 39424K, 0% used [0x00000000fb300000,0x00000000fb300000,0x00000000fd980000)
 ParOldGen       total 138752K, used 112484K [0x00000000c0000000, 0x00000000c8780000, 0x00000000eab00000)
  object space 138752K, 81% used [0x00000000c0000000,0x00000000c6dd9248,0x00000000c8780000)
 Metaspace       used 117478K, capacity 118484K, committed 118784K, reserved 1150976K
  class space    used 16047K, capacity 16314K, committed 16384K, reserved 1048576K

