# JRE version: Java(TM) SE Runtime Environment (8.0_181-b13) (build 1.8.0_181-b13)
# Java VM: Java HotSpot(TM) 64-Bit Server VM (25.181-b13 mixed mode linux-amd64 compressed oops)
Heap:
 PSYoungGen      total 207360K, used 0K [0x00000000eab00000, 0x00000000fa400000, 0x0000000100000000)
  eden space 198656K, 0% used [0x00000000eab00000,0x00000000eab00000,0x00000000f6d00000)
  from space 8704K, 0% used [0x00000000f6d00000,0x00000000f6d00000,0x00000000f7580000)
  to   space 12800K, 0% used [0x00000000f9780000,0x00000000f9780000,0x00000000fa400000)
 ParOldGen       total 130560K, used 117695K [0x00000000c0000000, 0x00000000c7f80000, 0x00000000eab00000)
  object space 130560K, 90% used [0x00000000c0000000,0x00000000c72efc38,0x00000000c7f80000)
 Metaspace       used 125607K, capacity 126918K, committed 127360K, reserved 1159168K
  class space    used 17083K, capacity 17419K, committed 17536K, reserved 1048576K
GC Heap History (10 events):
Event: 66.963 GC heap after
Heap after GC invocations=39 (full 4):
 PSYoungGen      total 168960K, used 4588K [0x00000000eab00000, 0x00000000f6c80000, 0x0000000100000000)
  eden space 160256K, 0% used [0x00000000eab00000,0x00000000eab00000,0x00000000f4780000)
  from space 8704K, 52% used [0x00000000f4780000,0x00000000f4bfb3e0,0x00000000f5000000)
  to   space 8704K, 0% used [0x00000000f6400000,0x00000000f6400000,0x00000000f6c80000)
 ParOldGen       total 130560K, used 103173K [0x00000000c0000000, 0x00000000c7f80000, 0x00000000eab00000)
  object space 130560K, 79% used [0x00000000c0000000,0x00000000c64c1518,0x00000000c7f80000)
 Metaspace       used 120044K, capacity 121062K, committed 121216K, reserved 1153024K
  class space    used 16410K, capacity 16677K, committed 16768K, reserved 1048576K
}
Event: 69.219 GC heap before
{Heap before GC invocations=40 (full 4):
 PSYoungGen      total 168960K, used 164844K [0x00000000eab00000, 0x00000000f6c80000, 0x0000000100000000)
  eden space 160256K, 100% used [0x00000000eab00000,0x00000000f4780000,0x00000000f4780000)
  from space 8704K, 52% used [0x00000000f4780000,0x00000000f4bfb3e0,0x00000000f5000000)
  to   space 8704K, 0% used [0x00000000f6400000,0x00000000f6400000,0x00000000f6c80000)
 ParOldGen       total 130560K, used 103173K [0x00000000c0000000, 0x00000000c7f80000, 0x00000000eab00000)
  object space 130560K, 79% used [0x00000000c0000000,0x00000000c64c1518,0x00000000c7f80000)
 Metaspace       used 121349K, capacity 122440K, committed 122624K, reserved 1155072K
  class space    used 16551K, capacity 16832K, committed 16896K, reserved 1048576K
Event: 69.226 GC heap after
Heap after GC invocations=40 (full 4):
 PSYoungGen      total 186368K, used 2731K [0x00000000eab00000, 0x00000000f6b00000, 0x0000000100000000)
  eden space 179200K, 0% used [0x00000000eab00000,0x00000000eab00000,0x00000000f5a00000)
  from space 7168K, 38% used [0x00000000f6400000,0x00000000f66aac70,0x00000000f6b00000)
  to   space 8704K, 0% used [0x00000000f5a00000,0x00000000f5a00000,0x00000000f6280000)
 ParOldGen       total 130560K, used 104637K [0x00000000c0000000, 0x00000000c7f80000, 0x00000000eab00000)
  object space 130560K, 80% used [0x00000000c0000000,0x00000000c662f670,0x00000000c7f80000)
 Metaspace       used 121349K, capacity 122440K, committed 122624K, reserved 1155072K
  class space    used 16551K, capacity 16832K, committed 16896K, reserved 1048576K
}
Event: 73.254 GC heap before
{Heap before GC invocations=41 (full 4):
 PSYoungGen      total 186368K, used 181931K [0x00000000eab00000, 0x00000000f6b00000, 0x0000000100000000)
  eden space 179200K, 100% used [0x00000000eab00000,0x00000000f5a00000,0x00000000f5a00000)
  from space 7168K, 38% used [0x00000000f6400000,0x00000000f66aac70,0x00000000f6b00000)
  to   space 8704K, 0% used [0x00000000f5a00000,0x00000000f5a00000,0x00000000f6280000)
 ParOldGen       total 130560K, used 104637K [0x00000000c0000000, 0x00000000c7f80000, 0x00000000eab00000)
  object space 130560K, 80% used [0x00000000c0000000,0x00000000c662f670,0x00000000c7f80000)
 Metaspace       used 123150K, capacity 124374K, committed 124672K, reserved 1157120K
  class space    used 16770K, capacity 17085K, committed 17152K, reserved 1048576K
Event: 73.272 GC heap after
Heap after GC invocations=41 (full 4):
 PSYoungGen      total 187904K, used 6140K [0x00000000eab00000, 0x00000000f7e80000, 0x0000000100000000)
  eden space 179200K, 0% used [0x00000000eab00000,0x00000000eab00000,0x00000000f5a00000)
  from space 8704K, 70% used [0x00000000f5a00000,0x00000000f5fff140,0x00000000f6280000)
  to   space 8704K, 0% used [0x00000000f7600000,0x00000000f7600000,0x00000000f7e80000)
 ParOldGen       total 130560K, used 104645K [0x00000000c0000000, 0x00000000c7f80000, 0x00000000eab00000)
  object space 130560K, 80% used [0x00000000c0000000,0x00000000c6631670,0x00000000c7f80000)
 Metaspace       used 123150K, capacity 124374K, committed 124672K, reserved 1157120K
  class space    used 16770K, capacity 17085K, committed 17152K, reserved 1048576K
}
Event: 75.379 GC heap before
{Heap before GC invocations=42 (full 4):
 PSYoungGen      total 187904K, used 185340K [0x00000000eab00000, 0x00000000f7e80000, 0x0000000100000000)
  eden space 179200K, 100% used [0x00000000eab00000,0x00000000f5a00000,0x00000000f5a00000)
  from space 8704K, 70% used [0x00000000f5a00000,0x00000000f5fff140,0x00000000f6280000)
  to   space 8704K, 0% used [0x00000000f7600000,0x00000000f7600000,0x00000000f7e80000)
 ParOldGen       total 130560K, used 104645K [0x00000000c0000000, 0x00000000c7f80000, 0x00000000eab00000)
  object space 130560K, 80% used [0x00000000c0000000,0x00000000c6631670,0x00000000c7f80000)
 Metaspace       used 124618K, capacity 125916K, committed 126080K, reserved 1159168K
  class space    used 16954K, capacity 17262K, committed 17280K, reserved 1048576K
Event: 75.390 GC heap after
Heap after GC invocations=42 (full 4):
 PSYoungGen      total 206848K, used 6163K [0x00000000eab00000, 0x00000000f7e00000, 0x0000000100000000)
  eden space 198656K, 0% used [0x00000000eab00000,0x00000000eab00000,0x00000000f6d00000)
  from space 8192K, 75% used [0x00000000f7600000,0x00000000f7c04d18,0x00000000f7e00000)
  to   space 8704K, 0% used [0x00000000f6d00000,0x00000000f6d00000,0x00000000f7580000)
 ParOldGen       total 130560K, used 104653K [0x00000000c0000000, 0x00000000c7f80000, 0x00000000eab00000)
  object space 130560K, 80% used [0x00000000c0000000,0x00000000c6633670,0x00000000c7f80000)
 Metaspace       used 124618K, capacity 125916K, committed 126080K, reserved 1159168K
  class space    used 16954K, capacity 17262K, committed 17280K, reserved 1048576K
}
Event: 76.665 GC heap before
{Heap before GC invocations=43 (full 4):
 PSYoungGen      total 206848K, used 204819K [0x00000000eab00000, 0x00000000f7e00000, 0x0000000100000000)
  eden space 198656K, 100% used [0x00000000eab00000,0x00000000f6d00000,0x00000000f6d00000)
  from space 8192K, 75% used [0x00000000f7600000,0x00000000f7c04d18,0x00000000f7e00000)
  to   space 8704K, 0% used [0x00000000f6d00000,0x00000000f6d00000,0x00000000f7580000)
 ParOldGen       total 130560K, used 104653K [0x00000000c0000000, 0x00000000c7f80000, 0x00000000eab00000)
  object space 130560K, 80% used [0x00000000c0000000,0x00000000c6633670,0x00000000c7f80000)
 Metaspace       used 125678K, capacity 127032K, committed 127360K, reserved 1159168K
  class space    used 17093K, capacity 17438K, committed 17536K, reserved 1048576K
Event: 76.709 GC heap after
Heap after GC invocations=43 (full 4):
 PSYoungGen      total 207360K, used 8688K [0x00000000eab00000, 0x00000000fa400000, 0x0000000100000000)
  eden space 198656K, 0% used [0x00000000eab00000,0x00000000eab00000,0x00000000f6d00000)
  from space 8704K, 99% used [0x00000000f6d00000,0x00000000f757c120,0x00000000f7580000)
  to   space 12800K, 0% used [0x00000000f9780000,0x00000000f9780000,0x00000000fa400000)
 ParOldGen       total 130560K, used 112552K [0x00000000c0000000, 0x00000000c7f80000, 0x00000000eab00000)
  object space 130560K, 86% used [0x00000000c0000000,0x00000000c6dea3e8,0x00000000c7f80000)
 Metaspace       used 125678K, capacity 127032K, committed 127360K, reserved 1159168K
  class space    used 17093K, capacity 17438K, committed 17536K, reserved 1048576K
}
Event: 76.711 GC heap before
{Heap before GC invocations=44 (full 5):
 PSYoungGen      total 207360K, used 8688K [0x00000000eab00000, 0x00000000fa400000, 0x0000000100000000)
  eden space 198656K, 0% used [0x00000000eab00000,0x00000000eab00000,0x00000000f6d00000)
  from space 8704K, 99% used [0x00000000f6d00000,0x00000000f757c120,0x00000000f7580000)
  to   space 12800K, 0% used [0x00000000f9780000,0x00000000f9780000,0x00000000fa400000)
 ParOldGen       total 130560K, used 112552K [0x00000000c0000000, 0x00000000c7f80000, 0x00000000eab00000)
  object space 130560K, 86% used [0x00000000c0000000,0x00000000c6dea3e8,0x00000000c7f80000)
 Metaspace       used 125678K, capacity 127032K, committed 127360K, reserved 1159168K
  class space    used 17093K, capacity 17438K, committed 17536K, reserved 1048576K

