# JRE version: Java(TM) SE Runtime Environment (8.0_181-b13) (build 1.8.0_181-b13)
# Java VM: Java HotSpot(TM) 64-Bit Server VM (25.181-b13 mixed mode linux-amd64 compressed oops)
Heap:
 PSYoungGen      total 328192K, used 0K [0x00000000eab00000, 0x0000000100000000, 0x0000000100000000)
  eden space 307200K, 0% used [0x00000000eab00000,0x00000000eab00000,0x00000000fd700000)
  from space 20992K, 0% used [0x00000000fd700000,0x00000000fd700000,0x00000000feb80000)
  to   space 20480K, 0% used [0x00000000fec00000,0x00000000fec00000,0x0000000100000000)
 ParOldGen       total 155648K, used 130809K [0x00000000c0000000, 0x00000000c9800000, 0x00000000eab00000)
  object space 155648K, 84% used [0x00000000c0000000,0x00000000c7fbe450,0x00000000c9800000)
 Metaspace       used 130426K, capacity 132010K, committed 132224K, reserved 1163264K
  class space    used 17598K, capacity 17985K, committed 18048K, reserved 1048576K
GC Heap History (10 events):
Event: 51.088 GC heap after
Heap after GC invocations=27 (full 4):
 PSYoungGen      total 301056K, used 7082K [0x00000000eab00000, 0x0000000100000000, 0x0000000100000000)
  eden space 285184K, 0% used [0x00000000eab00000,0x00000000eab00000,0x00000000fc180000)
  from space 15872K, 44% used [0x00000000fc180000,0x00000000fc86aae0,0x00000000fd100000)
  to   space 15360K, 0% used [0x00000000ff100000,0x00000000ff100000,0x0000000100000000)
 ParOldGen       total 155648K, used 104684K [0x00000000c0000000, 0x00000000c9800000, 0x00000000eab00000)
  object space 155648K, 67% used [0x00000000c0000000,0x00000000c663b170,0x00000000c9800000)
 Metaspace       used 120439K, capacity 121462K, committed 121728K, reserved 1155072K
  class space    used 16432K, capacity 16701K, committed 16768K, reserved 1048576K
}
Event: 54.100 GC heap before
{Heap before GC invocations=28 (full 4):
 PSYoungGen      total 301056K, used 292266K [0x00000000eab00000, 0x0000000100000000, 0x0000000100000000)
  eden space 285184K, 100% used [0x00000000eab00000,0x00000000fc180000,0x00000000fc180000)
  from space 15872K, 44% used [0x00000000fc180000,0x00000000fc86aae0,0x00000000fd100000)
  to   space 15360K, 0% used [0x00000000ff100000,0x00000000ff100000,0x0000000100000000)
 ParOldGen       total 155648K, used 104684K [0x00000000c0000000, 0x00000000c9800000, 0x00000000eab00000)
  object space 155648K, 67% used [0x00000000c0000000,0x00000000c663b170,0x00000000c9800000)
 Metaspace       used 124661K, capacity 125904K, committed 126080K, reserved 1159168K
  class space    used 16908K, capacity 17209K, committed 17280K, reserved 1048576K
Event: 54.124 GC heap after
Heap after GC invocations=28 (full 4):
 PSYoungGen      total 330752K, used 7837K [0x00000000eab00000, 0x00000000ffd80000, 0x0000000100000000)
  eden space 317952K, 0% used [0x00000000eab00000,0x00000000eab00000,0x00000000fe180000)
  from space 12800K, 61% used [0x00000000ff100000,0x00000000ff8a7668,0x00000000ffd80000)
  to   space 14336K, 0% used [0x00000000fe180000,0x00000000fe180000,0x00000000fef80000)
 ParOldGen       total 155648K, used 106822K [0x00000000c0000000, 0x00000000c9800000, 0x00000000eab00000)
  object space 155648K, 68% used [0x00000000c0000000,0x00000000c6851920,0x00000000c9800000)
 Metaspace       used 124661K, capacity 125904K, committed 126080K, reserved 1159168K
  class space    used 16908K, capacity 17209K, committed 17280K, reserved 1048576K
}
Event: 56.797 GC heap before
{Heap before GC invocations=29 (full 4):
 PSYoungGen      total 330752K, used 325789K [0x00000000eab00000, 0x00000000ffd80000, 0x0000000100000000)
  eden space 317952K, 100% used [0x00000000eab00000,0x00000000fe180000,0x00000000fe180000)
  from space 12800K, 61% used [0x00000000ff100000,0x00000000ff8a7668,0x00000000ffd80000)
  to   space 14336K, 0% used [0x00000000fe180000,0x00000000fe180000,0x00000000fef80000)
 ParOldGen       total 155648K, used 106822K [0x00000000c0000000, 0x00000000c9800000, 0x00000000eab00000)
  object space 155648K, 68% used [0x00000000c0000000,0x00000000c6851920,0x00000000c9800000)
 Metaspace       used 127447K, capacity 128784K, committed 129024K, reserved 1161216K
  class space    used 17318K, capacity 17627K, committed 17664K, reserved 1048576K
Event: 56.817 GC heap after
Heap after GC invocations=29 (full 4):
 PSYoungGen      total 332288K, used 7093K [0x00000000eab00000, 0x0000000100000000, 0x0000000100000000)
  eden space 317952K, 0% used [0x00000000eab00000,0x00000000eab00000,0x00000000fe180000)
  from space 14336K, 49% used [0x00000000fe180000,0x00000000fe86d458,0x00000000fef80000)
  to   space 13824K, 0% used [0x00000000ff280000,0x00000000ff280000,0x0000000100000000)
 ParOldGen       total 155648K, used 109491K [0x00000000c0000000, 0x00000000c9800000, 0x00000000eab00000)
  object space 155648K, 70% used [0x00000000c0000000,0x00000000c6aecc68,0x00000000c9800000)
 Metaspace       used 127447K, capacity 128784K, committed 129024K, reserved 1161216K
  class space    used 17318K, capacity 17627K, committed 17664K, reserved 1048576K
}
Event: 58.686 GC heap before
{Heap before GC invocations=30 (full 4):
 PSYoungGen      total 332288K, used 325045K [0x00000000eab00000, 0x0000000100000000, 0x0000000100000000)
  eden space 317952K, 100% used [0x00000000eab00000,0x00000000fe180000,0x00000000fe180000)
  from space 14336K, 49% used [0x00000000fe180000,0x00000000fe86d458,0x00000000fef80000)
  to   space 13824K, 0% used [0x00000000ff280000,0x00000000ff280000,0x0000000100000000)
 ParOldGen       total 155648K, used 109491K [0x00000000c0000000, 0x00000000c9800000, 0x00000000eab00000)
  object space 155648K, 70% used [0x00000000c0000000,0x00000000c6aecc68,0x00000000c9800000)
 Metaspace       used 129278K, capacity 130786K, committed 130816K, reserved 1163264K
  class space    used 17560K, capacity 17919K, committed 17920K, reserved 1048576K
Event: 58.728 GC heap after
Heap after GC invocations=30 (full 4):
 PSYoungGen      total 321024K, used 13796K [0x00000000eab00000, 0x0000000100000000, 0x0000000100000000)
  eden space 307200K, 0% used [0x00000000eab00000,0x00000000eab00000,0x00000000fd700000)
  from space 13824K, 99% used [0x00000000ff280000,0x00000000ffff9298,0x0000000100000000)
  to   space 20992K, 0% used [0x00000000fd700000,0x00000000fd700000,0x00000000feb80000)
 ParOldGen       total 155648K, used 123716K [0x00000000c0000000, 0x00000000c9800000, 0x00000000eab00000)
  object space 155648K, 79% used [0x00000000c0000000,0x00000000c78d1238,0x00000000c9800000)
 Metaspace       used 129278K, capacity 130786K, committed 130816K, reserved 1163264K
  class space    used 17560K, capacity 17919K, committed 17920K, reserved 1048576K
}
Event: 65.983 GC heap before
{Heap before GC invocations=31 (full 4):
 PSYoungGen      total 321024K, used 320996K [0x00000000eab00000, 0x0000000100000000, 0x0000000100000000)
  eden space 307200K, 100% used [0x00000000eab00000,0x00000000fd700000,0x00000000fd700000)
  from space 13824K, 99% used [0x00000000ff280000,0x00000000ffff9298,0x0000000100000000)
  to   space 20992K, 0% used [0x00000000fd700000,0x00000000fd700000,0x00000000feb80000)
 ParOldGen       total 155648K, used 123716K [0x00000000c0000000, 0x00000000c9800000, 0x00000000eab00000)
  object space 155648K, 79% used [0x00000000c0000000,0x00000000c78d1238,0x00000000c9800000)
 Metaspace       used 130519K, capacity 132160K, committed 132224K, reserved 1163264K
  class space    used 17612K, capacity 18010K, committed 18048K, reserved 1048576K
Event: 66.014 GC heap after
Heap after GC invocations=31 (full 4):
 PSYoungGen      total 328192K, used 6105K [0x00000000eab00000, 0x0000000100000000, 0x0000000100000000)
  eden space 307200K, 0% used [0x00000000eab00000,0x00000000eab00000,0x00000000fd700000)
  from space 20992K, 29% used [0x00000000fd700000,0x00000000fdcf67e0,0x00000000feb80000)
  to   space 20480K, 0% used [0x00000000fec00000,0x00000000fec00000,0x0000000100000000)
 ParOldGen       total 155648K, used 140104K [0x00000000c0000000, 0x00000000c9800000, 0x00000000eab00000)
  object space 155648K, 90% used [0x00000000c0000000,0x00000000c88d2138,0x00000000c9800000)
 Metaspace       used 130519K, capacity 132160K, committed 132224K, reserved 1163264K
  class space    used 17612K, capacity 18010K, committed 18048K, reserved 1048576K
}
Event: 66.016 GC heap before
{Heap before GC invocations=32 (full 5):
 PSYoungGen      total 328192K, used 6105K [0x00000000eab00000, 0x0000000100000000, 0x0000000100000000)
  eden space 307200K, 0% used [0x00000000eab00000,0x00000000eab00000,0x00000000fd700000)
  from space 20992K, 29% used [0x00000000fd700000,0x00000000fdcf67e0,0x00000000feb80000)
  to   space 20480K, 0% used [0x00000000fec00000,0x00000000fec00000,0x0000000100000000)
 ParOldGen       total 155648K, used 140104K [0x00000000c0000000, 0x00000000c9800000, 0x00000000eab00000)
  object space 155648K, 90% used [0x00000000c0000000,0x00000000c88d2138,0x00000000c9800000)
 Metaspace       used 130519K, capacity 132160K, committed 132224K, reserved 1163264K
  class space    used 17612K, capacity 18010K, committed 18048K, reserved 1048576K

