# JRE version: Java(TM) SE Runtime Environment (8.0_181-b13) (build 1.8.0_181-b13)
# Java VM: Java HotSpot(TM) 64-Bit Server VM (25.181-b13 mixed mode linux-amd64 compressed oops)
Heap:
 PSYoungGen      total 215552K, used 0K [0x00000000eab00000, 0x00000000f8d80000, 0x0000000100000000)
  eden space 202240K, 0% used [0x00000000eab00000,0x00000000eab00000,0x00000000f7080000)
  from space 13312K, 0% used [0x00000000f8080000,0x00000000f8080000,0x00000000f8d80000)
  to   space 14848K, 0% used [0x00000000f7080000,0x00000000f7080000,0x00000000f7f00000)
 ParOldGen       total 108544K, used 51595K [0x00000000c0000000, 0x00000000c6a00000, 0x00000000eab00000)
  object space 108544K, 47% used [0x00000000c0000000,0x00000000c3262d40,0x00000000c6a00000)
 Metaspace       used 97319K, capacity 97792K, committed 98304K, reserved 1134592K
  class space    used 13346K, capacity 13507K, committed 13568K, reserved 1048576K
GC Heap History (10 events):
Event: 25.968 GC heap after
Heap after GC invocations=19 (full 3):
 PSYoungGen      total 154624K, used 7648K [0x00000000eab00000, 0x00000000f5680000, 0x0000000100000000)
  eden space 146944K, 0% used [0x00000000eab00000,0x00000000eab00000,0x00000000f3a80000)
  from space 7680K, 99% used [0x00000000f4f00000,0x00000000f5678210,0x00000000f5680000)
  to   space 9728K, 0% used [0x00000000f4380000,0x00000000f4380000,0x00000000f4d00000)
 ParOldGen       total 108544K, used 37483K [0x00000000c0000000, 0x00000000c6a00000, 0x00000000eab00000)
  object space 108544K, 34% used [0x00000000c0000000,0x00000000c249ac50,0x00000000c6a00000)
 Metaspace       used 65652K, capacity 66100K, committed 66688K, reserved 1107968K
  class space    used 8355K, capacity 8485K, committed 8576K, reserved 1048576K
}
Event: 28.484 GC heap before
{Heap before GC invocations=20 (full 3):
 PSYoungGen      total 154624K, used 154592K [0x00000000eab00000, 0x00000000f5680000, 0x0000000100000000)
  eden space 146944K, 100% used [0x00000000eab00000,0x00000000f3a80000,0x00000000f3a80000)
  from space 7680K, 99% used [0x00000000f4f00000,0x00000000f5678210,0x00000000f5680000)
  to   space 9728K, 0% used [0x00000000f4380000,0x00000000f4380000,0x00000000f4d00000)
 ParOldGen       total 108544K, used 37483K [0x00000000c0000000, 0x00000000c6a00000, 0x00000000eab00000)
  object space 108544K, 34% used [0x00000000c0000000,0x00000000c249ac50,0x00000000c6a00000)
 Metaspace       used 73524K, capacity 73974K, committed 74496K, reserved 1114112K
  class space    used 9562K, capacity 9686K, committed 9728K, reserved 1048576K
Event: 28.501 GC heap after
Heap after GC invocations=20 (full 3):
 PSYoungGen      total 165888K, used 9707K [0x00000000eab00000, 0x00000000f6c00000, 0x0000000100000000)
  eden space 156160K, 0% used [0x00000000eab00000,0x00000000eab00000,0x00000000f4380000)
  from space 9728K, 99% used [0x00000000f4380000,0x00000000f4cfad08,0x00000000f4d00000)
  to   space 12288K, 0% used [0x00000000f6000000,0x00000000f6000000,0x00000000f6c00000)
 ParOldGen       total 108544K, used 41751K [0x00000000c0000000, 0x00000000c6a00000, 0x00000000eab00000)
  object space 108544K, 38% used [0x00000000c0000000,0x00000000c28c5c58,0x00000000c6a00000)
 Metaspace       used 73524K, capacity 73974K, committed 74496K, reserved 1114112K
  class space    used 9562K, capacity 9686K, committed 9728K, reserved 1048576K
}
Event: 30.923 GC heap before
{Heap before GC invocations=21 (full 3):
 PSYoungGen      total 165888K, used 165867K [0x00000000eab00000, 0x00000000f6c00000, 0x0000000100000000)
  eden space 156160K, 100% used [0x00000000eab00000,0x00000000f4380000,0x00000000f4380000)
  from space 9728K, 99% used [0x00000000f4380000,0x00000000f4cfad08,0x00000000f4d00000)
  to   space 12288K, 0% used [0x00000000f6000000,0x00000000f6000000,0x00000000f6c00000)
 ParOldGen       total 108544K, used 41751K [0x00000000c0000000, 0x00000000c6a00000, 0x00000000eab00000)
  object space 108544K, 38% used [0x00000000c0000000,0x00000000c28c5c58,0x00000000c6a00000)
 Metaspace       used 80999K, capacity 81518K, committed 82048K, reserved 1120256K
  class space    used 10706K, capacity 10880K, committed 10880K, reserved 1048576K
Event: 30.943 GC heap after
Heap after GC invocations=21 (full 3):
 PSYoungGen      total 184832K, used 8647K [0x00000000eab00000, 0x00000000f7780000, 0x0000000100000000)
  eden space 172544K, 0% used [0x00000000eab00000,0x00000000eab00000,0x00000000f5380000)
  from space 12288K, 70% used [0x00000000f6000000,0x00000000f6871e48,0x00000000f6c00000)
  to   space 12800K, 0% used [0x00000000f5380000,0x00000000f5380000,0x00000000f6000000)
 ParOldGen       total 108544K, used 48081K [0x00000000c0000000, 0x00000000c6a00000, 0x00000000eab00000)
  object space 108544K, 44% used [0x00000000c0000000,0x00000000c2ef4778,0x00000000c6a00000)
 Metaspace       used 80999K, capacity 81518K, committed 82048K, reserved 1120256K
  class space    used 10706K, capacity 10880K, committed 10880K, reserved 1048576K
}
Event: 33.284 GC heap before
{Heap before GC invocations=22 (full 3):
 PSYoungGen      total 184832K, used 181191K [0x00000000eab00000, 0x00000000f7780000, 0x0000000100000000)
  eden space 172544K, 100% used [0x00000000eab00000,0x00000000f5380000,0x00000000f5380000)
  from space 12288K, 70% used [0x00000000f6000000,0x00000000f6871e48,0x00000000f6c00000)
  to   space 12800K, 0% used [0x00000000f5380000,0x00000000f5380000,0x00000000f6000000)
 ParOldGen       total 108544K, used 48081K [0x00000000c0000000, 0x00000000c6a00000, 0x00000000eab00000)
  object space 108544K, 44% used [0x00000000c0000000,0x00000000c2ef4778,0x00000000c6a00000)
 Metaspace       used 90003K, capacity 90522K, committed 91008K, reserved 1128448K
  class space    used 12166K, capacity 12322K, committed 12416K, reserved 1048576K
Event: 33.311 GC heap after
Heap after GC invocations=22 (full 3):
 PSYoungGen      total 185344K, used 12787K [0x00000000eab00000, 0x00000000f8e80000, 0x0000000100000000)
  eden space 172544K, 0% used [0x00000000eab00000,0x00000000eab00000,0x00000000f5380000)
  from space 12800K, 99% used [0x00000000f5380000,0x00000000f5ffcd58,0x00000000f6000000)
  to   space 14336K, 0% used [0x00000000f8080000,0x00000000f8080000,0x00000000f8e80000)
 ParOldGen       total 108544K, used 48308K [0x00000000c0000000, 0x00000000c6a00000, 0x00000000eab00000)
  object space 108544K, 44% used [0x00000000c0000000,0x00000000c2f2d198,0x00000000c6a00000)
 Metaspace       used 90003K, capacity 90522K, committed 91008K, reserved 1128448K
  class space    used 12166K, capacity 12322K, committed 12416K, reserved 1048576K
}
Event: 39.001 GC heap before
{Heap before GC invocations=23 (full 3):
 PSYoungGen      total 185344K, used 185331K [0x00000000eab00000, 0x00000000f8e80000, 0x0000000100000000)
  eden space 172544K, 100% used [0x00000000eab00000,0x00000000f5380000,0x00000000f5380000)
  from space 12800K, 99% used [0x00000000f5380000,0x00000000f5ffcd58,0x00000000f6000000)
  to   space 14336K, 0% used [0x00000000f8080000,0x00000000f8080000,0x00000000f8e80000)
 ParOldGen       total 108544K, used 48308K [0x00000000c0000000, 0x00000000c6a00000, 0x00000000eab00000)
  object space 108544K, 44% used [0x00000000c0000000,0x00000000c2f2d198,0x00000000c6a00000)
 Metaspace       used 97319K, capacity 97792K, committed 98304K, reserved 1134592K
  class space    used 13346K, capacity 13507K, committed 13568K, reserved 1048576K
Event: 39.036 GC heap after
Heap after GC invocations=23 (full 3):
 PSYoungGen      total 215552K, used 10071K [0x00000000eab00000, 0x00000000f8d80000, 0x0000000100000000)
  eden space 202240K, 0% used [0x00000000eab00000,0x00000000eab00000,0x00000000f7080000)
  from space 13312K, 75% used [0x00000000f8080000,0x00000000f8a55f10,0x00000000f8d80000)
  to   space 14848K, 0% used [0x00000000f7080000,0x00000000f7080000,0x00000000f7f00000)
 ParOldGen       total 108544K, used 54097K [0x00000000c0000000, 0x00000000c6a00000, 0x00000000eab00000)
  object space 108544K, 49% used [0x00000000c0000000,0x00000000c34d4730,0x00000000c6a00000)
 Metaspace       used 97319K, capacity 97792K, committed 98304K, reserved 1134592K
  class space    used 13346K, capacity 13507K, committed 13568K, reserved 1048576K
}
Event: 39.038 GC heap before
{Heap before GC invocations=24 (full 4):
 PSYoungGen      total 215552K, used 10071K [0x00000000eab00000, 0x00000000f8d80000, 0x0000000100000000)
  eden space 202240K, 0% used [0x00000000eab00000,0x00000000eab00000,0x00000000f7080000)
  from space 13312K, 75% used [0x00000000f8080000,0x00000000f8a55f10,0x00000000f8d80000)
  to   space 14848K, 0% used [0x00000000f7080000,0x00000000f7080000,0x00000000f7f00000)
 ParOldGen       total 108544K, used 54097K [0x00000000c0000000, 0x00000000c6a00000, 0x00000000eab00000)
  object space 108544K, 49% used [0x00000000c0000000,0x00000000c34d4730,0x00000000c6a00000)
 Metaspace       used 97319K, capacity 97792K, committed 98304K, reserved 1134592K
  class space    used 13346K, capacity 13507K, committed 13568K, reserved 1048576K

